2022-01-20 23:34:38,770  INFO [main] outstationStepDef:14 - URL Opened
2022-01-20 23:34:39,720  INFO [main] outstationStepDef:14 - car rental is clicked in page rental
2022-01-20 23:34:46,389  INFO [main] outstationStepDef:14 - name is clicked in page name
2022-01-20 23:34:47,395  INFO [main] outstationStepDef:14 - name is send in page name
2022-01-20 23:34:48,668  INFO [main] outstationStepDef:14 - company name is clicked in page compname
2022-01-20 23:34:49,650  INFO [main] outstationStepDef:14 - company name is send in page compname
2022-01-20 23:34:50,879  INFO [main] outstationStepDef:14 - email is clicked in page email
2022-01-20 23:34:51,875  INFO [main] outstationStepDef:14 - email is send in page email
2022-01-20 23:34:53,093  INFO [main] outstationStepDef:14 - phone no is clicked in page phoneno
2022-01-20 23:34:54,125  INFO [main] outstationStepDef:14 - phone no is send in page phoneno
2022-01-20 23:34:55,497  INFO [main] outstationStepDef:14 - submit is clicked in page submit
2022-01-20 23:35:16,469  INFO [main] outstationStepDef:14 - result detail shown 
2022-01-20 23:35:17,716  INFO [main] outstationStepDef:14 - home page is clicked in page home page
2022-01-20 23:35:27,262  INFO [main] validpageStepDef:14 - URL Opened
2022-01-20 23:35:30,364  INFO [main] validpageStepDef:14 - One way cab is clicked in page onewaycab
2022-01-20 23:35:46,907  INFO [main] validpageStepDef:14 - chennaitab is clicked in page chennai
2022-01-20 23:35:49,477  INFO [main] validpageStepDef:14 - trl is clicked in page trl
2022-01-20 23:35:59,149  INFO [main] validpageStepDef:14 - home page is clicked in page home page
2022-01-20 23:36:06,314  INFO [main] validpageStepDef:14 - URL Opened
2022-01-20 23:36:06,978  INFO [main] validpageStepDef:14 - signin is clicked in page home page
2022-01-20 23:36:12,437  INFO [main] validpageStepDef:14 - Email field is send in page Account Log in
2022-01-20 23:36:12,876  INFO [main] validpageStepDef:14 - password field is send in page Account Log in
2022-01-20 23:36:13,483  INFO [main] validpageStepDef:14 - sign in button is clicked in page Account Log in
2022-01-20 23:36:13,906  INFO [main] validpageStepDef:14 - Successfully logged in
2022-01-20 23:36:20,572  INFO [main] outstationStepDef:14 - URL Opened
2022-01-20 23:36:21,253  INFO [main] outstationStepDef:14 - signin is clicked in page home page
2022-01-20 23:36:26,702  INFO [main] outstationStepDef:14 - Email field is send in page Account Log in
2022-01-20 23:36:27,101  INFO [main] outstationStepDef:14 - password field is send in page Account Log in
2022-01-20 23:36:27,751  INFO [main] outstationStepDef:14 - sign in button is clicked in page Account Log in
2022-01-20 23:36:30,485  INFO [main] outstationStepDef:14 - img is clicked in page img
2022-01-20 23:36:33,394  INFO [main] outstationStepDef:14 - bookings is clicked in page bookings
2022-01-20 23:36:36,311  INFO [main] outstationStepDef:14 - cancelled is clicked in page cancelled
2022-01-20 23:36:38,845  INFO [main] outstationStepDef:14 - completed is clicked in page completed
2022-01-20 23:36:41,373  INFO [main] outstationStepDef:14 - booknow is clicked in page booknow
2022-01-20 23:36:43,894  INFO [main] outstationStepDef:14 - img is clicked in page img
2022-01-20 23:36:46,790  INFO [main] outstationStepDef:14 - accountsetting is clicked in page accountsetting
2022-01-20 23:36:49,774  INFO [main] outstationStepDef:14 - home is clicked in page home
2022-01-20 23:36:52,605  INFO [main] outstationStepDef:14 - img is clicked in page img
2022-01-20 23:36:55,505  INFO [main] outstationStepDef:14 - logout is clicked in page logout
2022-01-20 23:36:56,145  INFO [main] outstationStepDef:14 - Signed out sucessfully 
2022-01-20 23:37:05,891  INFO [main] validpageStepDef:14 - URL Opened
2022-01-20 23:37:06,662  INFO [main] validpageStepDef:14 - airport button is clicked in page Home Page
2022-01-20 23:37:07,453  INFO [main] validpageStepDef:14 - from bar is clicked in page airport Page
2022-01-20 23:37:07,985  INFO [main] validpageStepDef:14 - from Bar is send in page airport Page
2022-01-20 23:37:08,655  INFO [main] validpageStepDef:14 - from is clicked in page Airport Page
2022-01-20 23:37:09,404  INFO [main] validpageStepDef:14 - dropaddress is clicked in page address
2022-01-20 23:37:09,849  INFO [main] validpageStepDef:14 - dropaddress is send in page address
2022-01-20 23:37:15,062  INFO [main] validpageStepDef:14 - dropaddress is clicked in page address
2022-01-20 23:37:18,069  INFO [main] validpageStepDef:14 - selected is clicked in page select
2022-01-20 23:37:20,694  INFO [main] validpageStepDef:14 - select car is clicked in page select
2022-01-20 23:37:26,998  INFO [main] validpageStepDef:14 - booking detail shown 
2022-01-20 23:37:27,562  INFO [main] validpageStepDef:14 - home page is clicked in page home page
